[debug] [2025-04-12T18:02:30.053Z] ----------------------------------------------------------------------
[debug] [2025-04-12T18:02:30.055Z] Command:       C:\Program Files\nodejs\node.exe C:\Users\Estudiante\AppData\Roaming\npm\node_modules\firebase-tools\lib\bin\firebase.js init hosting
[debug] [2025-04-12T18:02:30.055Z] CLI Version:   14.1.0
[debug] [2025-04-12T18:02:30.055Z] Platform:      win32
[debug] [2025-04-12T18:02:30.055Z] Node Version:  v20.11.1
[debug] [2025-04-12T18:02:30.056Z] Time:          Sat Apr 12 2025 13:02:30 GMT-0500 (hora estándar de Perú)
[debug] [2025-04-12T18:02:30.056Z] ----------------------------------------------------------------------
[debug] 
[debug] [2025-04-12T18:02:30.060Z] > command requires scopes: ["email","openid","https://www.googleapis.com/auth/cloudplatformprojects.readonly","https://www.googleapis.com/auth/firebase","https://www.googleapis.com/auth/cloud-platform"]
[debug] [2025-04-12T18:02:30.060Z] > authorizing via signed-in user (yaridheldyyanac@gmail.com)
[info] 
     ######## #### ########  ######## ########     ###     ######  ########
     ##        ##  ##     ## ##       ##     ##  ##   ##  ##       ##
     ######    ##  ########  ######   ########  #########  ######  ######
     ##        ##  ##    ##  ##       ##     ## ##     ##       ## ##
     ##       #### ##     ## ######## ########  ##     ##  ######  ########

You're about to initialize a Firebase project in this directory:

  C:\Users\Estudiante\Downloads\tienda

[info] 
=== Project Setup
[info] 
[info] First, let's associate this project directory with a Firebase project.
[info] You can create multiple project aliases by running firebase use --add, 
[info] but for now we'll just set up a default project.
[info] 
[debug] [2025-04-12T18:04:22.511Z] Checked if tokens are valid: true, expires at: 1744484425961
[debug] [2025-04-12T18:04:22.511Z] Checked if tokens are valid: true, expires at: 1744484425961
[debug] [2025-04-12T18:04:22.514Z] >>> [apiv2][query] GET https://firebase.googleapis.com/v1beta1/projects pageSize=100
[debug] [2025-04-12T18:04:23.294Z] <<< [apiv2][status] GET https://firebase.googleapis.com/v1beta1/projects 200
[debug] [2025-04-12T18:04:23.294Z] <<< [apiv2][body] GET https://firebase.googleapis.com/v1beta1/projects [omitted]
[info] i  Using project tiendadataa (TiendaDataa) 
[info] 
=== Hosting Setup
[debug] [2025-04-12T18:04:30.757Z] Checked if tokens are valid: true, expires at: 1744484425961
[debug] [2025-04-12T18:04:30.757Z] Checked if tokens are valid: true, expires at: 1744484425961
[debug] [2025-04-12T18:04:30.758Z] >>> [apiv2][query] GET https://firebase.googleapis.com/v1beta1/projects/tiendadataa [none]
[debug] [2025-04-12T18:04:31.281Z] <<< [apiv2][status] GET https://firebase.googleapis.com/v1beta1/projects/tiendadataa 200
[debug] [2025-04-12T18:04:31.282Z] <<< [apiv2][body] GET https://firebase.googleapis.com/v1beta1/projects/tiendadataa {"projectId":"tiendadataa","projectNumber":"791333914230","displayName":"TiendaDataa","name":"projects/tiendadataa","resources":{"hostingSite":"tiendadataa"},"state":"ACTIVE","etag":"1_50546ec2-83f4-4f0a-a47f-3738d5f1a8f9"}
[info] 
[info] Your public directory is the folder (relative to your project directory) that
[info] will contain Hosting assets to be uploaded with firebase deploy. If you
[info] have a build process for your assets, use your build's output directory.
[info] 
[debug] [2025-04-12T18:05:19.272Z] >>> [apiv2][query] GET https://www.gstatic.com/firebasejs/releases.json [none]
[debug] [2025-04-12T18:05:19.418Z] <<< [apiv2][status] GET https://www.gstatic.com/firebasejs/releases.json 200
[debug] [2025-04-12T18:05:19.418Z] <<< [apiv2][body] GET https://www.gstatic.com/firebasejs/releases.json {"current":{"version":"11.6.0","browserURL":"https://www.gstatic.com/firebasejs/11.6.0/firebase.js","packageURL":"https://www.gstatic.com/firebasejs/11.6.0/firebase.tgz"},"live":{"version":"11.6","browserURL":"https://www.gstatic.com/firebasejs/live/11.6/firebase.js","packageURL":"https://www.gstatic.com/firebasejs/live/11.6/firebase.tgz"},"components":{"analytics":"https://www.gstatic.com/firebasejs/11.6.0/firebase-analytics.js","app":"https://www.gstatic.com/firebasejs/11.6.0/firebase-app.js","app-check":"https://www.gstatic.com/firebasejs/11.6.0/firebase-app-check.js","auth":"https://www.gstatic.com/firebasejs/11.6.0/firebase-auth.js","auth/cordova":"https://www.gstatic.com/firebasejs/11.6.0/firebase-auth/cordova.js","auth/web-extension":"https://www.gstatic.com/firebasejs/11.6.0/firebase-auth/web-extension.js","functions":"https://www.gstatic.com/firebasejs/11.6.0/firebase-functions.js","firestore":"https://www.gstatic.com/firebasejs/11.6.0/firebase-firestore.js","firestore/lite":"https://www.gstatic.com/firebasejs/11.6.0/firebase-firestore/lite.js","installations":"https://www.gstatic.com/firebasejs/11.6.0/firebase-installations.js","storage":"https://www.gstatic.com/firebasejs/11.6.0/firebase-storage.js","performance":"https://www.gstatic.com/firebasejs/11.6.0/firebase-performance.js","remote-config":"https://www.gstatic.com/firebasejs/11.6.0/firebase-remote-config.js","messaging":"https://www.gstatic.com/firebasejs/11.6.0/firebase-messaging.js","messaging/sw":"https://www.gstatic.com/firebasejs/11.6.0/firebase-messaging/sw.js","database":"https://www.gstatic.com/firebasejs/11.6.0/firebase-database.js","vertexai":"https://www.gstatic.com/firebasejs/11.6.0/firebase-vertexai.js","data-connect":"https://www.gstatic.com/firebasejs/11.6.0/firebase-data-connect.js","firestore.memory":"https://www.gstatic.com/firebasejs/11.6.0/firebase-firestore.memory.js"}}
[info] +  Wrote public/index.html 
[info] 
[info] i  Didn't detect a .git folder. Assuming C:\Users\Estudiante\Downloads\tienda is the project root. 
[info] i  Authorizing with GitHub to upload your service account to a GitHub repository's secrets store. 
[info] 
[info] Visit this URL on this device to log in:
[info] https://github.com/login/oauth/authorize?client_id=89cf50f02ac6aaed3484&state=1064739727&redirect_uri=http%3A%2F%2Flocalhost%3A9005&scope=read%3Auser%20repo%20public_repo
[info] 
[info] Waiting for authentication...
[debug] [2025-04-12T18:05:57.506Z] >>> [apiv2][query] POST https://github.com/login/oauth/access_token [none]
[debug] [2025-04-12T18:05:57.507Z] >>> [apiv2][body] POST https://github.com/login/oauth/access_token [stream]
[debug] [2025-04-12T18:05:57.965Z] <<< [apiv2][status] POST https://github.com/login/oauth/access_token 200
[debug] [2025-04-12T18:05:57.966Z] <<< [apiv2][body] POST https://github.com/login/oauth/access_token {"access_token":"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","token_type":"bearer","scope":"read:user,repo"}
[debug] [2025-04-12T18:05:57.976Z] >>> [apiv2][query] GET https://api.github.com/user [none]
[debug] [2025-04-12T18:05:58.437Z] <<< [apiv2][status] GET https://api.github.com/user 200
[debug] [2025-04-12T18:05:58.438Z] <<< [apiv2][body] GET https://api.github.com/user {"login":"1485849","id":125669432,"node_id":"U_kgDOB32QOA","avatar_url":"https://avatars.githubusercontent.com/u/125669432?v=4","gravatar_id":"","url":"https://api.github.com/users/1485849","html_url":"https://github.com/1485849","followers_url":"https://api.github.com/users/1485849/followers","following_url":"https://api.github.com/users/1485849/following{/other_user}","gists_url":"https://api.github.com/users/1485849/gists{/gist_id}","starred_url":"https://api.github.com/users/1485849/starred{/owner}{/repo}","subscriptions_url":"https://api.github.com/users/1485849/subscriptions","organizations_url":"https://api.github.com/users/1485849/orgs","repos_url":"https://api.github.com/users/1485849/repos","events_url":"https://api.github.com/users/1485849/events{/privacy}","received_events_url":"https://api.github.com/users/1485849/received_events","type":"User","user_view_type":"private","site_admin":false,"name":null,"company":null,"blog":"","location":null,"email":null,"hireable":null,"bio":null,"twitter_username":null,"notification_email":null,"public_repos":33,"public_gists":0,"followers":2,"following":8,"created_at":"2023-02-17T13:41:13Z","updated_at":"2024-10-09T18:24:06Z","private_gists":0,"total_private_repos":4,"owned_private_repos":4,"disk_usage":91056,"collaborators":1,"two_factor_authentication":false,"plan":{"name":"free","space":976562499,"collaborators":0,"private_repos":10000}}
[info] 
[info] +  Success! Logged into GitHub as 1485849 
[info] 
[debug] [2025-04-12T18:06:35.722Z] >>> [apiv2][query] GET https://api.github.com/repos//actions/secrets/public-key type=owner
[debug] [2025-04-12T18:06:36.116Z] <<< [apiv2][status] GET https://api.github.com/repos//actions/secrets/public-key 404
[debug] [2025-04-12T18:06:36.116Z] <<< [apiv2][body] GET https://api.github.com/repos//actions/secrets/public-key {"message":"Not Found","documentation_url":"https://docs.github.com/rest","status":"404"}
[info] 
[info] 
[error] !  The provided authorization cannot be used with this repository. If this repository is in an organization, did you remember to grant access? 
[info] 
[info] i  Action required: Visit this URL to ensure access has been granted to the appropriate organization(s) for the Firebase CLI GitHub OAuth App: 
[info] https://github.com/settings/connections/applications/89cf50f02ac6aaed3484
[info] 
[debug] [2025-04-12T18:06:57.320Z] >>> [apiv2][query] GET https://api.github.com/repos/repository/actions/secrets/public-key type=owner
[debug] [2025-04-12T18:06:57.709Z] <<< [apiv2][status] GET https://api.github.com/repos/repository/actions/secrets/public-key 404
[debug] [2025-04-12T18:06:57.710Z] <<< [apiv2][body] GET https://api.github.com/repos/repository/actions/secrets/public-key {"message":"Not Found","documentation_url":"https://docs.github.com/rest","status":"404"}
[info] 
[info] 
[error] !  The provided authorization cannot be used with this repository. If this repository is in an organization, did you remember to grant access? 
[info] 
[info] i  Action required: Visit this URL to ensure access has been granted to the appropriate organization(s) for the Firebase CLI GitHub OAuth App: 
[info] https://github.com/settings/connections/applications/89cf50f02ac6aaed3484
[info] 
[debug] [2025-04-12T18:07:02.056Z] >>> [apiv2][query] GET https://api.github.com/repos/repository/actions/secrets/public-key type=owner
[debug] [2025-04-12T18:07:02.211Z] <<< [apiv2][status] GET https://api.github.com/repos/repository/actions/secrets/public-key 404
[debug] [2025-04-12T18:07:02.211Z] <<< [apiv2][body] GET https://api.github.com/repos/repository/actions/secrets/public-key {"message":"Not Found","documentation_url":"https://docs.github.com/rest","status":"404"}
[info] 
[info] 
[error] !  The provided authorization cannot be used with this repository. If this repository is in an organization, did you remember to grant access? 
[info] 
[info] i  Action required: Visit this URL to ensure access has been granted to the appropriate organization(s) for the Firebase CLI GitHub OAuth App: 
[info] https://github.com/settings/connections/applications/89cf50f02ac6aaed3484
[info] 
[debug] [2025-04-12T18:07:03.322Z] >>> [apiv2][query] GET https://api.github.com/repos/repository/actions/secrets/public-key type=owner
[debug] [2025-04-12T18:07:03.475Z] <<< [apiv2][status] GET https://api.github.com/repos/repository/actions/secrets/public-key 404
[debug] [2025-04-12T18:07:03.475Z] <<< [apiv2][body] GET https://api.github.com/repos/repository/actions/secrets/public-key {"message":"Not Found","documentation_url":"https://docs.github.com/rest","status":"404"}
[info] 
[info] 
[error] !  The provided authorization cannot be used with this repository. If this repository is in an organization, did you remember to grant access? 
[info] 
[info] i  Action required: Visit this URL to ensure access has been granted to the appropriate organization(s) for the Firebase CLI GitHub OAuth App: 
[info] https://github.com/settings/connections/applications/89cf50f02ac6aaed3484
[info] 
[debug] [2025-04-12T18:07:04.023Z] >>> [apiv2][query] GET https://api.github.com/repos/repository/actions/secrets/public-key type=owner
[debug] [2025-04-12T18:07:04.175Z] <<< [apiv2][status] GET https://api.github.com/repos/repository/actions/secrets/public-key 404
[debug] [2025-04-12T18:07:04.175Z] <<< [apiv2][body] GET https://api.github.com/repos/repository/actions/secrets/public-key {"message":"Not Found","documentation_url":"https://docs.github.com/rest","status":"404"}
[info] 
[info] 
[error] !  The provided authorization cannot be used with this repository. If this repository is in an organization, did you remember to grant access? 
[info] 
[info] i  Action required: Visit this URL to ensure access has been granted to the appropriate organization(s) for the Firebase CLI GitHub OAuth App: 
[info] https://github.com/settings/connections/applications/89cf50f02ac6aaed3484
[info] 
[debug] [2025-04-12T18:07:04.264Z] >>> [apiv2][query] GET https://api.github.com/repos/repository/actions/secrets/public-key type=owner
[debug] [2025-04-12T18:07:04.418Z] <<< [apiv2][status] GET https://api.github.com/repos/repository/actions/secrets/public-key 404
[debug] [2025-04-12T18:07:04.419Z] <<< [apiv2][body] GET https://api.github.com/repos/repository/actions/secrets/public-key {"message":"Not Found","documentation_url":"https://docs.github.com/rest","status":"404"}
[info] 
[info] 
[error] !  The provided authorization cannot be used with this repository. If this repository is in an organization, did you remember to grant access? 
[info] 
[info] i  Action required: Visit this URL to ensure access has been granted to the appropriate organization(s) for the Firebase CLI GitHub OAuth App: 
[info] https://github.com/settings/connections/applications/89cf50f02ac6aaed3484
[info] 
[debug] [2025-04-12T18:07:04.487Z] >>> [apiv2][query] GET https://api.github.com/repos/repository/actions/secrets/public-key type=owner
[debug] [2025-04-12T18:07:04.638Z] <<< [apiv2][status] GET https://api.github.com/repos/repository/actions/secrets/public-key 404
[debug] [2025-04-12T18:07:04.639Z] <<< [apiv2][body] GET https://api.github.com/repos/repository/actions/secrets/public-key {"message":"Not Found","documentation_url":"https://docs.github.com/rest","status":"404"}
[info] 
[info] 
[error] !  The provided authorization cannot be used with this repository. If this repository is in an organization, did you remember to grant access? 
[info] 
[info] i  Action required: Visit this URL to ensure access has been granted to the appropriate organization(s) for the Firebase CLI GitHub OAuth App: 
[info] https://github.com/settings/connections/applications/89cf50f02ac6aaed3484
[info] 
[debug] [2025-04-12T18:07:04.856Z] >>> [apiv2][query] GET https://api.github.com/repos/repository/actions/secrets/public-key type=owner
[debug] [2025-04-12T18:07:05.002Z] <<< [apiv2][status] GET https://api.github.com/repos/repository/actions/secrets/public-key 404
[debug] [2025-04-12T18:07:05.003Z] <<< [apiv2][body] GET https://api.github.com/repos/repository/actions/secrets/public-key {"message":"Not Found","documentation_url":"https://docs.github.com/rest","status":"404"}
[info] 
[info] 
[error] !  The provided authorization cannot be used with this repository. If this repository is in an organization, did you remember to grant access? 
[info] 
[info] i  Action required: Visit this URL to ensure access has been granted to the appropriate organization(s) for the Firebase CLI GitHub OAuth App: 
[info] https://github.com/settings/connections/applications/89cf50f02ac6aaed3484
[info] 
[debug] [2025-04-12T18:07:05.173Z] >>> [apiv2][query] GET https://api.github.com/repos/repository/actions/secrets/public-key type=owner
[debug] [2025-04-12T18:07:05.334Z] <<< [apiv2][status] GET https://api.github.com/repos/repository/actions/secrets/public-key 404
[debug] [2025-04-12T18:07:05.334Z] <<< [apiv2][body] GET https://api.github.com/repos/repository/actions/secrets/public-key {"message":"Not Found","documentation_url":"https://docs.github.com/rest","status":"404"}
[info] 
[info] 
[error] !  The provided authorization cannot be used with this repository. If this repository is in an organization, did you remember to grant access? 
[info] 
[info] i  Action required: Visit this URL to ensure access has been granted to the appropriate organization(s) for the Firebase CLI GitHub OAuth App: 
[info] https://github.com/settings/connections/applications/89cf50f02ac6aaed3484
[info] 
[debug] [2025-04-12T18:07:05.367Z] >>> [apiv2][query] GET https://api.github.com/repos/repository/actions/secrets/public-key type=owner
[debug] [2025-04-12T18:07:05.512Z] >>> [apiv2][query] GET https://api.github.com/repos//actions/secrets/public-key type=owner
[debug] [2025-04-12T18:07:05.521Z] <<< [apiv2][status] GET https://api.github.com/repos/repository/actions/secrets/public-key 404
[debug] [2025-04-12T18:07:05.522Z] <<< [apiv2][body] GET https://api.github.com/repos/repository/actions/secrets/public-key {"message":"Not Found","documentation_url":"https://docs.github.com/rest","status":"404"}
[info] 
[info] 
[error] !  The provided authorization cannot be used with this repository. If this repository is in an organization, did you remember to grant access? 
[info] 
[info] i  Action required: Visit this URL to ensure access has been granted to the appropriate organization(s) for the Firebase CLI GitHub OAuth App: 
[info] https://github.com/settings/connections/applications/89cf50f02ac6aaed3484
[info] 
[debug] [2025-04-12T18:07:05.901Z] <<< [apiv2][status] GET https://api.github.com/repos//actions/secrets/public-key 404
[debug] [2025-04-12T18:07:05.902Z] <<< [apiv2][body] GET https://api.github.com/repos//actions/secrets/public-key {"message":"Not Found","documentation_url":"https://docs.github.com/rest","status":"404"}
[info] 
[info] 
[error] !  The provided authorization cannot be used with this repository. If this repository is in an organization, did you remember to grant access? 
[info] 
[info] i  Action required: Visit this URL to ensure access has been granted to the appropriate organization(s) for the Firebase CLI GitHub OAuth App: 
[info] https://github.com/settings/connections/applications/89cf50f02ac6aaed3484
[info] 
[debug] [2025-04-12T18:11:10.855Z] >>> [apiv2][query] GET https://api.github.com/repos/user/pruebita/actions/secrets/public-key type=owner
[debug] [2025-04-12T18:11:11.252Z] <<< [apiv2][status] GET https://api.github.com/repos/user/pruebita/actions/secrets/public-key 404
[debug] [2025-04-12T18:11:11.252Z] <<< [apiv2][body] GET https://api.github.com/repos/user/pruebita/actions/secrets/public-key {"message":"Not Found","documentation_url":"https://docs.github.com/rest/actions/secrets#get-a-repository-public-key","status":"404"}
[info] 
[info] 
[error] !  The provided authorization cannot be used with this repository. If this repository is in an organization, did you remember to grant access? 
[info] 
[info] i  Action required: Visit this URL to ensure access has been granted to the appropriate organization(s) for the Firebase CLI GitHub OAuth App: 
[info] https://github.com/settings/connections/applications/89cf50f02ac6aaed3484
[info] 
